main.obj : error LNK2019: nierozpoznany zewnętrzny symbol glewInit przywołany w funkcji main
main.obj : error LNK2019: nierozpoznany zewnętrzny symbol glewGetErrorString przywołany w funkcji main
main.obj : error LNK2019: nierozpoznany zewnętrzny symbol glfwInit przywołany w funkcji main
main.obj : error LNK2019: nierozpoznany zewnętrzny symbol glfwTerminate przywołany w funkcji main
main.obj : error LNK2019: nierozpoznany zewnętrzny symbol glfwWindowHint przywołany w funkcji main
main.obj : error LNK2019: nierozpoznany zewnętrzny symbol glfwCreateWindow przywołany w funkcji main
main.obj : error LNK2019: nierozpoznany zewnętrzny symbol glfwWindowShouldClose przywołany w funkcji main
main.obj : error LNK2019: nierozpoznany zewnętrzny symbol glfwPollEvents przywołany w funkcji main
main.obj : error LNK2019: nierozpoznany zewnętrzny symbol glfwMakeContextCurrent przywołany w funkcji main
main.obj : error LNK2019: nierozpoznany zewnętrzny symbol glfwSwapBuffers przywołany w funkcji main
main.obj : error LNK2019: nierozpoznany zewnętrzny symbol glfwSwapInterval przywołany w funkcji main
main.obj : error LNK2001: nierozpoznany symbol zewnętrzny __glewAttachShader
main.obj : error LNK2001: nierozpoznany symbol zewnętrzny __glewCompileShader
main.obj : error LNK2001: nierozpoznany symbol zewnętrzny __glewCreateProgram
main.obj : error LNK2001: nierozpoznany symbol zewnętrzny __glewCreateShader
main.obj : error LNK2001: nierozpoznany symbol zewnętrzny __glewDeleteShader
main.obj : error LNK2001: nierozpoznany symbol zewnętrzny __glewEnableVertexAttribArray
main.obj : error LNK2001: nierozpoznany symbol zewnętrzny __glewGetShaderInfoLog
main.obj : error LNK2001: nierozpoznany symbol zewnętrzny __glewGetShaderiv
main.obj : error LNK2001: nierozpoznany symbol zewnętrzny __glewGetUniformLocation
main.obj : error LNK2001: nierozpoznany symbol zewnętrzny __glewLinkProgram
main.obj : error LNK2001: nierozpoznany symbol zewnętrzny __glewShaderSource
main.obj : error LNK2001: nierozpoznany symbol zewnętrzny __glewUniform4f
main.obj : error LNK2001: nierozpoznany symbol zewnętrzny __glewUseProgram
main.obj : error LNK2001: nierozpoznany symbol zewnętrzny __glewValidateProgram
main.obj : error LNK2001: nierozpoznany symbol zewnętrzny __glewVertexAttribPointer
IndexBuffer.obj : error LNK2001: nierozpoznany symbol zewnętrzny __glewBindBuffer
VertexBuffer.obj : error LNK2001: nierozpoznany symbol zewnętrzny __glewBindBuffer
IndexBuffer.obj : error LNK2001: nierozpoznany symbol zewnętrzny __glewBufferData
VertexBuffer.obj : error LNK2001: nierozpoznany symbol zewnętrzny __glewBufferData
IndexBuffer.obj : error LNK2001: nierozpoznany symbol zewnętrzny __glewDeleteBuffers
VertexBuffer.obj : error LNK2001: nierozpoznany symbol zewnętrzny __glewDeleteBuffers
IndexBuffer.obj : error LNK2001: nierozpoznany symbol zewnętrzny __glewGenBuffers
VertexBuffer.obj : error LNK2001: nierozpoznany symbol zewnętrzny __glewGenBuffers
D:\Programy\c++\MEngine\libs\lib\glfw3.lib : warning LNK4272: wystąpił konflikt typu maszyny biblioteki „x86” z typem maszyny docelowej „x64”
D:\Programy\c++\MEngine\libs\lib\glew32s.lib : warning LNK4272: wystąpił konflikt typu maszyny biblioteki „x86” z typem maszyny docelowej „x64”
D:\Programy\c++\MEngine\libs\lib\glew32.lib : warning LNK4272: wystąpił konflikt typu maszyny biblioteki „x86” z typem maszyny docelowej „x64”
D:\Programy\c++\MEngine\x64\Debug\MEngine.exe : fatal error LNK1120: liczba nierozpoznanych elementów zewnętrznych: 30
